2025-11-22 15:16:18 - storage_manager - ERROR - Error al parsear schedule.json: Expecting value: line 1 column 1 (char 0)
2025-11-22 15:16:18 - http_server - ERROR - Error al iniciar servidor HTTP: 'c:\Users\truji\Proyectos\alertas\backend\static\fonts' does not exist
2025-11-22 15:16:18 - src.main - ERROR - Error durante startup: 'c:\Users\truji\Proyectos\alertas\backend\static\fonts' does not exist
Traceback (most recent call last):
  File "C:\Python313\Lib\site-packages\aiohttp\web_urldispatcher.py", line 564, in __init__
    directory = Path(directory).expanduser().resolve(strict=True)
  File "C:\Python313\Lib\pathlib\_local.py", line 670, in resolve
    return self.with_segments(os.path.realpath(self, strict=strict))
                              ~~~~~~~~~~~~~~~~^^^^^^^^^^^^^^^^^^^^^
  File "<frozen ntpath>", line 738, in realpath
FileNotFoundError: [WinError 2] El sistema no puede encontrar el archivo especificado: 'c:\\Users\\truji\\Proyectos\\alertas\\backend\\static\\fonts'

The above exception was the direct cause of the following exception:

Traceback (most recent call last):
  File "c:\Users\truji\Proyectos\alertas\backend\src\main.py", line 145, in startup
    await self.http_server.start()
  File "c:\Users\truji\Proyectos\alertas\backend\src\http_server.py", line 42, in start
    self.app.router.add_static('/fonts', self.static_dir / 'fonts', name='fonts', show_index=False)
    ~~~~~~~~~~~~~~~~~~~~~~~~~~^^^^^^^^^^^^^^^^^^^^^^^^^^^^^^^^^^^^^^^^^^^^^^^^^^^^^^^^^^^^^^^^^^^^^
  File "C:\Python313\Lib\site-packages\aiohttp\web_urldispatcher.py", line 1205, in add_static
    resource = StaticResource(
        prefix,
    ...<6 lines>...
        append_version=append_version,
    )
  File "C:\Python313\Lib\site-packages\aiohttp\web_urldispatcher.py", line 566, in __init__
    raise ValueError(f"'{directory}' does not exist") from error
ValueError: 'c:\Users\truji\Proyectos\alertas\backend\static\fonts' does not exist
2025-11-22 15:16:18 - src.main - ERROR - Error fatal en la aplicaci√≥n: 'c:\Users\truji\Proyectos\alertas\backend\static\fonts' does not exist
Traceback (most recent call last):
  File "C:\Python313\Lib\site-packages\aiohttp\web_urldispatcher.py", line 564, in __init__
    directory = Path(directory).expanduser().resolve(strict=True)
  File "C:\Python313\Lib\pathlib\_local.py", line 670, in resolve
    return self.with_segments(os.path.realpath(self, strict=strict))
                              ~~~~~~~~~~~~~~~~^^^^^^^^^^^^^^^^^^^^^
  File "<frozen ntpath>", line 738, in realpath
FileNotFoundError: [WinError 2] El sistema no puede encontrar el archivo especificado: 'c:\\Users\\truji\\Proyectos\\alertas\\backend\\static\\fonts'

The above exception was the direct cause of the following exception:

Traceback (most recent call last):
  File "c:\Users\truji\Proyectos\alertas\backend\src\main.py", line 220, in run
    await self.startup()
  File "c:\Users\truji\Proyectos\alertas\backend\src\main.py", line 145, in startup
    await self.http_server.start()
  File "c:\Users\truji\Proyectos\alertas\backend\src\http_server.py", line 42, in start
    self.app.router.add_static('/fonts', self.static_dir / 'fonts', name='fonts', show_index=False)
    ~~~~~~~~~~~~~~~~~~~~~~~~~~^^^^^^^^^^^^^^^^^^^^^^^^^^^^^^^^^^^^^^^^^^^^^^^^^^^^^^^^^^^^^^^^^^^^^
  File "C:\Python313\Lib\site-packages\aiohttp\web_urldispatcher.py", line 1205, in add_static
    resource = StaticResource(
        prefix,
    ...<6 lines>...
        append_version=append_version,
    )
  File "C:\Python313\Lib\site-packages\aiohttp\web_urldispatcher.py", line 566, in __init__
    raise ValueError(f"'{directory}' does not exist") from error
ValueError: 'c:\Users\truji\Proyectos\alertas\backend\static\fonts' does not exist
2025-11-22 15:16:18 - root - ERROR - Error en main: 'c:\Users\truji\Proyectos\alertas\backend\static\fonts' does not exist
Traceback (most recent call last):
  File "C:\Python313\Lib\site-packages\aiohttp\web_urldispatcher.py", line 564, in __init__
    directory = Path(directory).expanduser().resolve(strict=True)
  File "C:\Python313\Lib\pathlib\_local.py", line 670, in resolve
    return self.with_segments(os.path.realpath(self, strict=strict))
                              ~~~~~~~~~~~~~~~~^^^^^^^^^^^^^^^^^^^^^
  File "<frozen ntpath>", line 738, in realpath
FileNotFoundError: [WinError 2] El sistema no puede encontrar el archivo especificado: 'c:\\Users\\truji\\Proyectos\\alertas\\backend\\static\\fonts'

The above exception was the direct cause of the following exception:

Traceback (most recent call last):
  File "c:\Users\truji\Proyectos\alertas\backend\src\main.py", line 235, in main
    await app.run()
  File "c:\Users\truji\Proyectos\alertas\backend\src\main.py", line 220, in run
    await self.startup()
  File "c:\Users\truji\Proyectos\alertas\backend\src\main.py", line 145, in startup
    await self.http_server.start()
  File "c:\Users\truji\Proyectos\alertas\backend\src\http_server.py", line 42, in start
    self.app.router.add_static('/fonts', self.static_dir / 'fonts', name='fonts', show_index=False)
    ~~~~~~~~~~~~~~~~~~~~~~~~~~^^^^^^^^^^^^^^^^^^^^^^^^^^^^^^^^^^^^^^^^^^^^^^^^^^^^^^^^^^^^^^^^^^^^^
  File "C:\Python313\Lib\site-packages\aiohttp\web_urldispatcher.py", line 1205, in add_static
    resource = StaticResource(
        prefix,
    ...<6 lines>...
        append_version=append_version,
    )
  File "C:\Python313\Lib\site-packages\aiohttp\web_urldispatcher.py", line 566, in __init__
    raise ValueError(f"'{directory}' does not exist") from error
ValueError: 'c:\Users\truji\Proyectos\alertas\backend\static\fonts' does not exist
2025-11-22 16:43:00 - storage_manager - ERROR - Error al parsear schedule.json: Expecting value: line 1 column 1 (char 0)
2025-11-22 16:43:00 - storage_manager - ERROR - Error al parsear emails.json: Expecting value: line 1 column 1 (char 0)
2025-11-22 16:43:07 - websockets.server - ERROR - connection handler failed
Traceback (most recent call last):
  File "C:\Python313\Lib\site-packages\websockets\asyncio\server.py", line 376, in conn_handler
    await self.handler(connection)
          ~~~~~~~~~~~~^^^^^^^^^^^^
TypeError: WebSocketServer._handle_client() missing 1 required positional argument: 'path'
2025-11-22 16:43:11 - websockets.server - ERROR - connection handler failed
Traceback (most recent call last):
  File "C:\Python313\Lib\site-packages\websockets\asyncio\server.py", line 376, in conn_handler
    await self.handler(connection)
          ~~~~~~~~~~~~^^^^^^^^^^^^
TypeError: WebSocketServer._handle_client() missing 1 required positional argument: 'path'
2025-11-22 16:43:15 - websockets.server - ERROR - connection handler failed
Traceback (most recent call last):
  File "C:\Python313\Lib\site-packages\websockets\asyncio\server.py", line 376, in conn_handler
    await self.handler(connection)
          ~~~~~~~~~~~~^^^^^^^^^^^^
TypeError: WebSocketServer._handle_client() missing 1 required positional argument: 'path'
2025-11-22 16:43:19 - websockets.server - ERROR - connection handler failed
Traceback (most recent call last):
  File "C:\Python313\Lib\site-packages\websockets\asyncio\server.py", line 376, in conn_handler
    await self.handler(connection)
          ~~~~~~~~~~~~^^^^^^^^^^^^
TypeError: WebSocketServer._handle_client() missing 1 required positional argument: 'path'
2025-11-22 16:43:23 - websockets.server - ERROR - connection handler failed
Traceback (most recent call last):
  File "C:\Python313\Lib\site-packages\websockets\asyncio\server.py", line 376, in conn_handler
    await self.handler(connection)
          ~~~~~~~~~~~~^^^^^^^^^^^^
TypeError: WebSocketServer._handle_client() missing 1 required positional argument: 'path'
2025-11-22 16:43:27 - websockets.server - ERROR - connection handler failed
Traceback (most recent call last):
  File "C:\Python313\Lib\site-packages\websockets\asyncio\server.py", line 376, in conn_handler
    await self.handler(connection)
          ~~~~~~~~~~~~^^^^^^^^^^^^
TypeError: WebSocketServer._handle_client() missing 1 required positional argument: 'path'
2025-11-22 16:43:31 - websockets.server - ERROR - connection handler failed
Traceback (most recent call last):
  File "C:\Python313\Lib\site-packages\websockets\asyncio\server.py", line 376, in conn_handler
    await self.handler(connection)
          ~~~~~~~~~~~~^^^^^^^^^^^^
TypeError: WebSocketServer._handle_client() missing 1 required positional argument: 'path'
2025-11-22 16:43:35 - websockets.server - ERROR - connection handler failed
Traceback (most recent call last):
  File "C:\Python313\Lib\site-packages\websockets\asyncio\server.py", line 376, in conn_handler
    await self.handler(connection)
          ~~~~~~~~~~~~^^^^^^^^^^^^
TypeError: WebSocketServer._handle_client() missing 1 required positional argument: 'path'
2025-11-22 16:43:39 - websockets.server - ERROR - connection handler failed
Traceback (most recent call last):
  File "C:\Python313\Lib\site-packages\websockets\asyncio\server.py", line 376, in conn_handler
    await self.handler(connection)
          ~~~~~~~~~~~~^^^^^^^^^^^^
TypeError: WebSocketServer._handle_client() missing 1 required positional argument: 'path'
2025-11-22 16:43:43 - websockets.server - ERROR - connection handler failed
Traceback (most recent call last):
  File "C:\Python313\Lib\site-packages\websockets\asyncio\server.py", line 376, in conn_handler
    await self.handler(connection)
          ~~~~~~~~~~~~^^^^^^^^^^^^
TypeError: WebSocketServer._handle_client() missing 1 required positional argument: 'path'
2025-11-22 16:43:47 - websockets.server - ERROR - connection handler failed
Traceback (most recent call last):
  File "C:\Python313\Lib\site-packages\websockets\asyncio\server.py", line 376, in conn_handler
    await self.handler(connection)
          ~~~~~~~~~~~~^^^^^^^^^^^^
TypeError: WebSocketServer._handle_client() missing 1 required positional argument: 'path'
2025-11-22 16:44:05 - storage_manager - ERROR - Error al parsear schedule.json: Expecting value: line 1 column 1 (char 0)
2025-11-22 16:44:05 - storage_manager - ERROR - Error al parsear emails.json: Expecting value: line 1 column 1 (char 0)
2025-11-22 16:44:09 - websockets.server - ERROR - connection handler failed
Traceback (most recent call last):
  File "C:\Python313\Lib\site-packages\websockets\asyncio\server.py", line 376, in conn_handler
    await self.handler(connection)
          ~~~~~~~~~~~~^^^^^^^^^^^^
TypeError: WebSocketServer._handle_client() missing 1 required positional argument: 'path'
2025-11-22 16:44:13 - websockets.server - ERROR - connection handler failed
Traceback (most recent call last):
  File "C:\Python313\Lib\site-packages\websockets\asyncio\server.py", line 376, in conn_handler
    await self.handler(connection)
          ~~~~~~~~~~~~^^^^^^^^^^^^
TypeError: WebSocketServer._handle_client() missing 1 required positional argument: 'path'
2025-11-22 16:44:17 - websockets.server - ERROR - connection handler failed
Traceback (most recent call last):
  File "C:\Python313\Lib\site-packages\websockets\asyncio\server.py", line 376, in conn_handler
    await self.handler(connection)
          ~~~~~~~~~~~~^^^^^^^^^^^^
TypeError: WebSocketServer._handle_client() missing 1 required positional argument: 'path'
2025-11-22 16:44:21 - websockets.server - ERROR - connection handler failed
Traceback (most recent call last):
  File "C:\Python313\Lib\site-packages\websockets\asyncio\server.py", line 376, in conn_handler
    await self.handler(connection)
          ~~~~~~~~~~~~^^^^^^^^^^^^
TypeError: WebSocketServer._handle_client() missing 1 required positional argument: 'path'
2025-11-22 16:44:25 - websockets.server - ERROR - connection handler failed
Traceback (most recent call last):
  File "C:\Python313\Lib\site-packages\websockets\asyncio\server.py", line 376, in conn_handler
    await self.handler(connection)
          ~~~~~~~~~~~~^^^^^^^^^^^^
TypeError: WebSocketServer._handle_client() missing 1 required positional argument: 'path'
2025-11-22 16:44:29 - websockets.server - ERROR - connection handler failed
Traceback (most recent call last):
  File "C:\Python313\Lib\site-packages\websockets\asyncio\server.py", line 376, in conn_handler
    await self.handler(connection)
          ~~~~~~~~~~~~^^^^^^^^^^^^
TypeError: WebSocketServer._handle_client() missing 1 required positional argument: 'path'
2025-11-22 16:44:33 - websockets.server - ERROR - connection handler failed
Traceback (most recent call last):
  File "C:\Python313\Lib\site-packages\websockets\asyncio\server.py", line 376, in conn_handler
    await self.handler(connection)
          ~~~~~~~~~~~~^^^^^^^^^^^^
TypeError: WebSocketServer._handle_client() missing 1 required positional argument: 'path'
2025-11-22 16:44:37 - websockets.server - ERROR - connection handler failed
Traceback (most recent call last):
  File "C:\Python313\Lib\site-packages\websockets\asyncio\server.py", line 376, in conn_handler
    await self.handler(connection)
          ~~~~~~~~~~~~^^^^^^^^^^^^
TypeError: WebSocketServer._handle_client() missing 1 required positional argument: 'path'
2025-11-22 16:44:41 - websockets.server - ERROR - connection handler failed
Traceback (most recent call last):
  File "C:\Python313\Lib\site-packages\websockets\asyncio\server.py", line 376, in conn_handler
    await self.handler(connection)
          ~~~~~~~~~~~~^^^^^^^^^^^^
TypeError: WebSocketServer._handle_client() missing 1 required positional argument: 'path'
2025-11-22 16:44:45 - websockets.server - ERROR - connection handler failed
Traceback (most recent call last):
  File "C:\Python313\Lib\site-packages\websockets\asyncio\server.py", line 376, in conn_handler
    await self.handler(connection)
          ~~~~~~~~~~~~^^^^^^^^^^^^
TypeError: WebSocketServer._handle_client() missing 1 required positional argument: 'path'
2025-11-22 16:44:49 - websockets.server - ERROR - connection handler failed
Traceback (most recent call last):
  File "C:\Python313\Lib\site-packages\websockets\asyncio\server.py", line 376, in conn_handler
    await self.handler(connection)
          ~~~~~~~~~~~~^^^^^^^^^^^^
TypeError: WebSocketServer._handle_client() missing 1 required positional argument: 'path'
2025-11-22 16:44:53 - websockets.server - ERROR - connection handler failed
Traceback (most recent call last):
  File "C:\Python313\Lib\site-packages\websockets\asyncio\server.py", line 376, in conn_handler
    await self.handler(connection)
          ~~~~~~~~~~~~^^^^^^^^^^^^
TypeError: WebSocketServer._handle_client() missing 1 required positional argument: 'path'
2025-11-22 16:44:57 - websockets.server - ERROR - connection handler failed
Traceback (most recent call last):
  File "C:\Python313\Lib\site-packages\websockets\asyncio\server.py", line 376, in conn_handler
    await self.handler(connection)
          ~~~~~~~~~~~~^^^^^^^^^^^^
TypeError: WebSocketServer._handle_client() missing 1 required positional argument: 'path'
2025-11-22 16:45:01 - websockets.server - ERROR - connection handler failed
Traceback (most recent call last):
  File "C:\Python313\Lib\site-packages\websockets\asyncio\server.py", line 376, in conn_handler
    await self.handler(connection)
          ~~~~~~~~~~~~^^^^^^^^^^^^
TypeError: WebSocketServer._handle_client() missing 1 required positional argument: 'path'
2025-11-22 16:45:05 - websockets.server - ERROR - connection handler failed
Traceback (most recent call last):
  File "C:\Python313\Lib\site-packages\websockets\asyncio\server.py", line 376, in conn_handler
    await self.handler(connection)
          ~~~~~~~~~~~~^^^^^^^^^^^^
TypeError: WebSocketServer._handle_client() missing 1 required positional argument: 'path'
